<?xml version="1.0" encoding="UTF-8"?>
<!-- Generated by org.testng.reporters.JUnitReportReporter -->
<testsuite skipped="0" hostname="WINVA185060-0WA" name="FirstTest" tests="1" failures="0" timestamp="18 Jan 2019 12:41:55 GMT" time="14.844" errors="0">
  <testcase name="firstTest" time="14.844" classname="FirstTest"/>
</testsuite> <!-- FirstTest -->
